[2025-03-19 12:53:08] Iniciando deploy da aplicação Óticas Queiroz
[2025-03-19 12:53:08] Obtendo as alterações mais recentes do repositório
[2025-03-19 12:53:08] Instalando dependências
[2025-03-19 12:53:16] Construindo aplicativos com Turborepo
[2025-03-19 12:54:15] ERRO: Falha ao construir aplicativos
[2025-03-19 13:22:12] Iniciando deploy da aplicação Óticas Queiroz
[2025-03-19 13:22:12] Obtendo as alterações mais recentes do repositório
[2025-03-19 13:22:13] Instalando dependências
[2025-03-19 13:22:18] Construindo aplicativos com Turborepo
[2025-03-19 13:22:40] ERRO: Falha ao construir aplicativos
[2025-03-19 13:25:54] Iniciando deploy da aplicação Óticas Queiroz
[2025-03-19 13:25:54] Obtendo as alterações mais recentes do repositório
[2025-03-19 13:25:55] Instalando dependências
[2025-03-19 13:25:59] Construindo aplicativos com Turborepo
[2025-03-19 13:26:24] ERRO: Falha ao construir aplicativos
[2025-03-19 15:15:59] Iniciando deploy da aplicação Óticas Queiroz
[2025-03-19 15:15:59] Obtendo as alterações mais recentes do repositório
[2025-03-19 15:15:59] Instalando dependências
[2025-03-19 15:16:07] Construindo aplicativos com Turborepo
[2025-03-19 15:17:13] Parando aplicações existentes (se houver)
[2025-03-19 15:17:13] Iniciando aplicações com PM2
[2025-03-19 15:17:14] Salvando configuração do PM2
[2025-03-19 15:17:15] Configurando PM2 para iniciar com o sistema
[2025-03-19 15:17:16] AVISO: Falha ao configurar inicialização automática do PM2
[2025-03-19 15:17:16] Deploy concluído com sucesso!
[2025-03-19 17:51:04] Iniciando deploy da aplicação Óticas Queiroz
[2025-03-19 17:51:04] Obtendo as alterações mais recentes do repositório
[2025-03-19 17:51:05] Instalando dependências
[2025-03-19 17:51:11] Construindo aplicativos com Turborepo
[2025-03-19 17:51:13] Parando aplicações existentes (se houver)
[2025-03-19 17:51:13] Iniciando aplicações com PM2
[2025-03-19 17:51:14] Salvando configuração do PM2
[2025-03-19 17:51:14] Configurando PM2 para iniciar com o sistema
[2025-03-19 17:51:15] AVISO: Falha ao configurar inicialização automática do PM2
[2025-03-19 17:51:15] Deploy concluído com sucesso!
[2025-03-20 13:53:10] Iniciando deploy da aplicação Óticas Queiroz
[2025-03-20 13:53:10] Obtendo as alterações mais recentes do repositório
[2025-03-20 13:53:10] Instalando dependências
[2025-03-20 13:53:17] Construindo aplicativos com Turborepo
[2025-03-20 13:54:24] Parando aplicações existentes (se houver)
[2025-03-20 13:54:25] Iniciando aplicações com PM2
[2025-03-20 13:54:25] Salvando configuração do PM2
[2025-03-20 13:54:26] Configurando PM2 para iniciar com o sistema
[2025-03-20 13:54:28] AVISO: Falha ao configurar inicialização automática do PM2
[2025-03-20 13:54:28] Deploy concluído com sucesso!
[2025-03-20 16:53:29] Iniciando deploy da aplicação Óticas Queiroz
[2025-03-20 16:53:29] Obtendo as alterações mais recentes do repositório
[2025-03-20 16:53:29] Instalando dependências
[2025-03-20 16:53:37] Construindo aplicativos com Turborepo
[2025-03-20 16:54:41] Parando aplicações existentes (se houver)
[2025-03-20 16:54:41] Iniciando aplicações com PM2
[2025-03-20 16:54:42] Salvando configuração do PM2
[2025-03-20 16:54:42] Configurando PM2 para iniciar com o sistema
[2025-03-20 16:54:44] AVISO: Falha ao configurar inicialização automática do PM2
[2025-03-20 16:54:44] Deploy concluído com sucesso!
[2025-03-20 17:53:35] Iniciando deploy da aplicação Óticas Queiroz
[2025-03-20 17:53:35] Obtendo as alterações mais recentes do repositório
[2025-03-20 17:53:35] Instalando dependências
[2025-03-20 17:53:40] Construindo aplicativos com Turborepo
[2025-03-20 17:54:23] Parando aplicações existentes (se houver)
[2025-03-20 17:54:23] Iniciando aplicações com PM2
[2025-03-20 17:54:23] Salvando configuração do PM2
[2025-03-20 17:54:24] Configurando PM2 para iniciar com o sistema
[2025-03-20 17:54:25] AVISO: Falha ao configurar inicialização automática do PM2
[2025-03-20 17:54:25] Deploy concluído com sucesso!
[2025-03-20 18:09:00] Iniciando deploy da aplicação Óticas Queiroz
[2025-03-20 18:09:00] Obtendo as alterações mais recentes do repositório
[2025-03-20 18:09:00] Instalando dependências
[2025-03-20 18:09:07] Construindo aplicativos com Turborepo
[2025-03-20 18:09:46] Parando aplicações existentes (se houver)
[2025-03-20 18:09:46] Iniciando aplicações com PM2
[2025-03-20 18:09:46] Salvando configuração do PM2
[2025-03-20 18:09:47] Configurando PM2 para iniciar com o sistema
[2025-03-20 18:09:48] AVISO: Falha ao configurar inicialização automática do PM2
[2025-03-20 18:09:48] Deploy concluído com sucesso!
[2025-03-20 18:21:24] Iniciando deploy da aplicação Óticas Queiroz
[2025-03-20 18:21:24] Obtendo as alterações mais recentes do repositório
[2025-03-20 18:21:24] Instalando dependências
[2025-03-20 18:21:30] Construindo aplicativos com Turborepo
[2025-03-20 18:22:07] Parando aplicações existentes (se houver)
[2025-03-20 18:22:08] Iniciando aplicações com PM2
[2025-03-20 18:22:08] Salvando configuração do PM2
[2025-03-20 18:22:08] Configurando PM2 para iniciar com o sistema
[2025-03-20 18:22:09] AVISO: Falha ao configurar inicialização automática do PM2
[2025-03-20 18:22:09] Deploy concluído com sucesso!
[2025-03-20 19:47:01] Iniciando deploy da aplicação Óticas Queiroz
[2025-03-20 19:47:01] Obtendo as alterações mais recentes do repositório
[2025-03-20 19:47:01] Instalando dependências
[2025-03-20 19:47:09] Construindo aplicativos com Turborepo
[2025-03-20 19:48:07] Parando aplicações existentes (se houver)
[2025-03-20 19:48:07] Iniciando aplicações com PM2
[2025-03-20 19:48:08] Salvando configuração do PM2
[2025-03-20 19:48:08] Configurando PM2 para iniciar com o sistema
[2025-03-20 19:48:09] AVISO: Falha ao configurar inicialização automática do PM2
[2025-03-20 19:48:09] Deploy concluído com sucesso!
[2025-03-20 20:43:19] Iniciando deploy da aplicação Óticas Queiroz
[2025-03-20 20:43:19] Obtendo as alterações mais recentes do repositório
[2025-03-20 20:43:19] Instalando dependências
[2025-03-20 20:43:26] Construindo aplicativos com Turborepo
[2025-03-20 20:44:01] Parando aplicações existentes (se houver)
[2025-03-20 20:44:01] Iniciando aplicações com PM2
[2025-03-20 20:44:02] Salvando configuração do PM2
[2025-03-20 20:44:02] Configurando PM2 para iniciar com o sistema
[2025-03-20 20:44:03] AVISO: Falha ao configurar inicialização automática do PM2
[2025-03-20 20:44:03] Deploy concluído com sucesso!
[2025-03-20 22:31:38] Iniciando deploy da aplicação Óticas Queiroz
[2025-03-20 22:31:38] Obtendo as alterações mais recentes do repositório
[2025-03-20 22:31:38] ERRO: Falha ao obter as alterações mais recentes
[2025-03-20 22:32:55] Iniciando deploy da aplicação Óticas Queiroz
[2025-03-20 22:32:55] Obtendo as alterações mais recentes do repositório
[2025-03-20 22:32:55] ERRO: Falha ao obter as alterações mais recentes
[2025-03-20 22:45:40] Iniciando deploy da aplicação Óticas Queiroz
[2025-03-20 22:45:40] Obtendo as alterações mais recentes do repositório
[2025-03-20 22:45:40] ERRO: Falha ao obter as alterações mais recentes
[2025-03-20 22:47:46] Iniciando deploy da aplicação Óticas Queiroz
[2025-03-20 22:47:46] Obtendo as alterações mais recentes do repositório
[2025-03-20 22:47:46] ERRO: Falha ao obter as alterações mais recentes
[2025-03-20 22:50:47] Iniciando deploy da aplicação Óticas Queiroz
[2025-03-20 22:50:47] Obtendo as alterações mais recentes do repositório
[2025-03-20 22:50:47] ERRO: Falha ao obter as alterações mais recentes
